<?xml version="1.0" encoding="UTF-8"?>
<testsuite name="com.example.project.TestSearch" tests="8" skipped="0" failures="0" errors="0" timestamp="2025-03-22T02:08:41" hostname="codespaces-b480b3" time="0.02">
  <properties/>
  <testcase name="testLinearSearchFoundList()" classname="com.example.project.TestSearch" time="0.001"/>
  <testcase name="testLinearSearchFirstArrayList()" classname="com.example.project.TestSearch" time="0.0"/>
  <testcase name="testLinearSearchFoundArray()" classname="com.example.project.TestSearch" time="0.0"/>
  <testcase name="testLinearSearchCountList()" classname="com.example.project.TestSearch" time="0.001"/>
  <testcase name="testLinearSearchCountArray()" classname="com.example.project.TestSearch" time="0.002"/>
  <testcase name="testLinearSearchLastArray()" classname="com.example.project.TestSearch" time="0.001"/>
  <testcase name="testLinearSearchFirstArray()" classname="com.example.project.TestSearch" time="0.0"/>
  <testcase name="testLinearSearchLastList()" classname="com.example.project.TestSearch" time="0.001"/>
  <system-out><![CDATA[]]></system-out>
  <system-err><![CDATA[]]></system-err>
</testsuite>
